[debug] ----------------------------------------------------------------------
[debug] Command:      C:\Program Files\nodejs\node.exe C:\Users\young\AppData\Roaming\npm\node_modules\firebase-tools\bin\firebase serve
[debug] CLI Version:  3.2.3
[debug] Platform:     win32
[debug] Node Version: v6.9.4
[debug] Time:         Mon Mar 27 2017 19:51:51 GMT-0400 (Eastern Daylight Time)
[debug] ----------------------------------------------------------------------
[debug] 
[info] Starting Firebase development server...
[info] 
[info] Project Directory: C:\Users\young\Documents\GitHub\lightshowreal
[info] Public Directory: public
[info] 
[info] Server listening at: http://localhost:5000
[debug] ----------------------------------------------------------------------
[debug] Command:      C:\Program Files\nodejs\node.exe C:\Users\young\AppData\Roaming\npm\node_modules\firebase-tools\bin\firebase serve
[debug] CLI Version:  3.2.3
[debug] Platform:     win32
[debug] Node Version: v6.9.4
[debug] Time:         Wed Mar 29 2017 19:14:46 GMT-0400 (Eastern Daylight Time)
[debug] ----------------------------------------------------------------------
[debug] 
[info] Starting Firebase development server...
[info] 
[info] Project Directory: C:\Users\young\Documents\GitHub\lightshowreal
[info] Public Directory: public
[info] 
[info] Server listening at: http://localhost:5000
